<?xml version="1.0" encoding="UTF-8"?>
<!-- Generated by org.testng.reporters.JUnitXMLReporter -->
<testsuite ignored="0" hostname="vicky" failures="0" tests="4" name="Test2" time="28.624" errors="0" timestamp="2022-07-04T10:33:43 IST">
  <testcase classname="PallaralTesting.Test1" name="module1" time="5.84"/>
  <testcase classname="PallaralTesting.Test1" name="module2" time="5.049"/>
  <testcase classname="PallaralTesting.Test1" name="module3" time="8.429"/>
  <testcase classname="PallaralTesting.Test2" name="demo" time="9.192"/>
</testsuite> <!-- Test2 -->
