<?xml version="1.0" encoding="UTF-8"?>
<!-- Generated by org.testng.reporters.JUnitXMLReporter -->
<testsuite ignored="0" hostname="vicky" failures="0" tests="4" name="Test3" time="29.134" errors="0" timestamp="2022-07-04T10:33:43 IST">
  <testcase classname="PallaralTesting.Test1" name="module1" time="5.946"/>
  <testcase classname="PallaralTesting.Test1" name="module2" time="5.362"/>
  <testcase classname="PallaralTesting.Test1" name="module3" time="8.306"/>
  <testcase classname="PallaralTesting.Test2" name="demo" time="9.444"/>
</testsuite> <!-- Test3 -->
