<?xml version="1.0" encoding="UTF-8"?>
<!-- Generated by org.testng.reporters.JUnitXMLReporter -->
<testsuite hostname="vicky" ignored="0" name=" Test" tests="4" failures="0" timestamp="2022-07-14T16:33:14 IST" time="24.34" errors="0">
  <testcase name="module1" time="12.411" classname="PallaralTesting.Test1"/>
  <testcase name="demo" time="13.62" classname="PallaralTesting.Test2"/>
  <testcase name="module2" time="5.93" classname="PallaralTesting.Test1"/>
  <testcase name="module3" time="5.669" classname="PallaralTesting.Test1"/>
</testsuite> <!--  Test -->
