<?xml version="1.0" encoding="UTF-8"?>
<!-- Generated by org.testng.reporters.JUnitXMLReporter -->
<testsuite ignored="0" hostname="vicky" failures="0" tests="4" name="Test1" time="65.566" errors="0" timestamp="2022-07-02T16:48:26 IST">
  <testcase classname="PallaralTesting.Test1" name="module1" time="11.488"/>
  <testcase classname="PallaralTesting.Test1" name="module2" time="14.625"/>
  <testcase classname="PallaralTesting.Test1" name="module3" time="18.308"/>
  <testcase classname="PallaralTesting.Test2" name="demo" time="21.02"/>
</testsuite> <!-- Test1 -->
