<?xml version="1.0" encoding="UTF-8"?>
<!-- Generated by org.testng.reporters.JUnitXMLReporter -->
<testsuite ignored="0" hostname="vicky" failures="0" tests="1" name="Test1(failed)" time="0.133" errors="0" timestamp="2022-07-28T13:47:39 IST">
  <testcase classname="CrossBrowserTesting.Prcatice_cb" name="@BeforeMethod Setup" time="0.054">
    <failure type="java.lang.IllegalStateException" message="The driver executable must exist: C:\installer\msegdedriver.exe">
      <![CDATA[java.lang.IllegalStateException: The driver executable must exist: C:\installer\msegdedriver.exe
at org.openqa.selenium.internal.Require$FileStateChecker.isFile(Require.java:342)
at org.openqa.selenium.remote.service.DriverService.checkExecutable(DriverService.java:147)
at org.openqa.selenium.remote.service.DriverService.findExecutable(DriverService.java:142)
at org.openqa.selenium.edge.EdgeDriverService.access$000(EdgeDriverService.java:40)
at org.openqa.selenium.edge.EdgeDriverService$Builder.findDefaultExecutable(EdgeDriverService.java:176)
at org.openqa.selenium.remote.service.DriverService$Builder.build(DriverService.java:437)
at org.openqa.selenium.edge.EdgeDriver.<init>(EdgeDriver.java:44)
at org.openqa.selenium.edge.EdgeDriver.<init>(EdgeDriver.java:41)
at CrossBrowserTesting.Prcatice_cb.Setup(Prcatice_cb.java:33)
at java.base/java.util.ArrayList.forEach(ArrayList.java:1511)
... Removed 31 stack frames]]>
    </failure>
  </testcase> <!-- @BeforeMethod Setup -->
  <testcase classname="CrossBrowserTesting.Prcatice_cb" name="Test1" time="0.0">
    <skipped/>
  </testcase> <!-- Test1 -->
</testsuite> <!-- Test1(failed) -->
