<?xml version="1.0" encoding="UTF-8"?>
<testng-results ignored="0" total="3" passed="3" failed="0" skipped="0">
  <reporter-output>
  </reporter-output>
  <suite started-at="2022-07-28T13:53:44 IST" name="Suite" finished-at="2022-07-28T13:54:01 IST" duration-ms="17554">
    <groups>
    </groups>
    <test started-at="2022-07-28T13:53:44 IST" name="Test1" finished-at="2022-07-28T13:53:49 IST" duration-ms="5356">
      <class name="CrossBrowserTesting.Prcatice_cb">
        <test-method is-config="true" signature="Setup(java.lang.String)[pri:0, instance:CrossBrowserTesting.Prcatice_cb@50ad3bc1]" started-at="2022-07-28T13:53:44 IST" name="Setup" finished-at="2022-07-28T13:53:46 IST" duration-ms="2373" status="PASS">
          <params>
            <param index="0">
              <value>
                <![CDATA[chrome]]>
              </value>
            </param>
          </params>
          <reporter-output>
          </reporter-output>
        </test-method> <!-- Setup -->
        <test-method signature="Test1()[pri:0, instance:CrossBrowserTesting.Prcatice_cb@50ad3bc1]" started-at="2022-07-28T13:53:46 IST" name="Test1" finished-at="2022-07-28T13:53:49 IST" duration-ms="2922" status="PASS">
          <reporter-output>
          </reporter-output>
        </test-method> <!-- Test1 -->
      </class> <!-- CrossBrowserTesting.Prcatice_cb -->
    </test> <!-- Test1 -->
    <test started-at="2022-07-28T13:53:49 IST" name="Test2" finished-at="2022-07-28T13:53:54 IST" duration-ms="4844">
      <class name="CrossBrowserTesting.Prcatice_cb">
        <test-method is-config="true" signature="Setup(java.lang.String)[pri:0, instance:CrossBrowserTesting.Prcatice_cb@1b2abca6]" started-at="2022-07-28T13:53:49 IST" name="Setup" finished-at="2022-07-28T13:53:51 IST" duration-ms="2232" status="PASS">
          <params>
            <param index="0">
              <value>
                <![CDATA[msedge]]>
              </value>
            </param>
          </params>
          <reporter-output>
          </reporter-output>
        </test-method> <!-- Setup -->
        <test-method signature="Test1()[pri:0, instance:CrossBrowserTesting.Prcatice_cb@1b2abca6]" started-at="2022-07-28T13:53:51 IST" name="Test1" finished-at="2022-07-28T13:53:54 IST" duration-ms="2606" status="PASS">
          <reporter-output>
          </reporter-output>
        </test-method> <!-- Test1 -->
      </class> <!-- CrossBrowserTesting.Prcatice_cb -->
    </test> <!-- Test2 -->
    <test started-at="2022-07-28T13:53:54 IST" name="Test3" finished-at="2022-07-28T13:54:01 IST" duration-ms="7295">
      <class name="CrossBrowserTesting.Prcatice_cb">
        <test-method is-config="true" signature="Setup(java.lang.String)[pri:0, instance:CrossBrowserTesting.Prcatice_cb@342c38f8]" started-at="2022-07-28T13:53:54 IST" name="Setup" finished-at="2022-07-28T13:53:58 IST" duration-ms="3984" status="PASS">
          <params>
            <param index="0">
              <value>
                <![CDATA[firefox]]>
              </value>
            </param>
          </params>
          <reporter-output>
          </reporter-output>
        </test-method> <!-- Setup -->
        <test-method signature="Test1()[pri:0, instance:CrossBrowserTesting.Prcatice_cb@342c38f8]" started-at="2022-07-28T13:53:58 IST" name="Test1" finished-at="2022-07-28T13:54:01 IST" duration-ms="3303" status="PASS">
          <reporter-output>
          </reporter-output>
        </test-method> <!-- Test1 -->
      </class> <!-- CrossBrowserTesting.Prcatice_cb -->
    </test> <!-- Test3 -->
  </suite> <!-- Suite -->
</testng-results>
